<?xml version="1.0" encoding="UTF-8" standalone="no"?>
<!DOCTYPE log SYSTEM "logger.dtd">
<log>
<record>
  <date>2019-12-29T12:44:04</date>
  <millis>1577619844500</millis>
  <sequence>0</sequence>
  <logger>sk.softip.Property</logger>
  <level>INFO</level>
  <class>sk.softip.App</class>
  <method>main</method>
  <thread>1</thread>
  <message>ZAciatok</message>
</record>
<record>
  <date>2019-12-29T12:44:04</date>
  <millis>1577619844531</millis>
  <sequence>1</sequence>
  <logger>sk.softip.Property</logger>
  <level>INFO</level>
  <class>sk.softip.Property</class>
  <method>&lt;init&gt;</method>
  <thread>1</thread>
  <message>Zaevidovanie majektu</message>
</record>
<record>
  <date>2019-12-29T12:44:04</date>
  <millis>1577619844531</millis>
  <sequence>2</sequence>
  <logger>sk.softip.Property</logger>
  <level>INFO</level>
  <class>sk.softip.Property</class>
  <method>&lt;init&gt;</method>
  <thread>1</thread>
  <message>Zaevidovanie majektu</message>
</record>
<record>
  <date>2019-12-29T12:44:04</date>
  <millis>1577619844531</millis>
  <sequence>3</sequence>
  <logger>sk.softip.Property</logger>
  <level>INFO</level>
  <class>sk.softip.Property</class>
  <method>&lt;init&gt;</method>
  <thread>1</thread>
  <message>Zaevidovanie majektu</message>
</record>
<record>
  <date>2019-12-29T12:44:04</date>
  <millis>1577619844531</millis>
  <sequence>4</sequence>
  <logger>sk.softip.Property</logger>
  <level>INFO</level>
  <class>sk.softip.Property</class>
  <method>&lt;init&gt;</method>
  <thread>1</thread>
  <message>Zaevidovanie majektu</message>
</record>
<record>
  <date>2019-12-29T12:44:04</date>
  <millis>1577619844531</millis>
  <sequence>5</sequence>
  <logger>sk.softip.Property</logger>
  <level>INFO</level>
  <class>sk.softip.Property</class>
  <method>&lt;init&gt;</method>
  <thread>1</thread>
  <message>Zaevidovanie majektu</message>
</record>
<record>
  <date>2019-12-29T12:44:04</date>
  <millis>1577619844531</millis>
  <sequence>6</sequence>
  <logger>sk.softip.Property</logger>
  <level>INFO</level>
  <class>sk.softip.Property</class>
  <method>&lt;init&gt;</method>
  <thread>1</thread>
  <message>Zaevidovanie majektu</message>
</record>
<record>
  <date>2019-12-29T12:44:04</date>
  <millis>1577619844531</millis>
  <sequence>7</sequence>
  <logger>sk.softip.Property</logger>
  <level>INFO</level>
  <class>sk.softip.Property</class>
  <method>&lt;init&gt;</method>
  <thread>1</thread>
  <message>Zaevidovanie majektu</message>
</record>
<record>
  <date>2019-12-29T12:44:04</date>
  <millis>1577619844531</millis>
  <sequence>8</sequence>
  <logger>sk.softip.Property</logger>
  <level>INFO</level>
  <class>sk.softip.Property</class>
  <method>&lt;init&gt;</method>
  <thread>1</thread>
  <message>Zaevidovanie majektu</message>
</record>
<record>
  <date>2019-12-29T12:44:04</date>
  <millis>1577619844531</millis>
  <sequence>9</sequence>
  <logger>sk.softip.Property</logger>
  <level>INFO</level>
  <class>sk.softip.Property</class>
  <method>&lt;init&gt;</method>
  <thread>1</thread>
  <message>Zaevidovanie majektu</message>
</record>
</log>
